app/build/intermediates/manifest_merge_blame_file/release/manifest-merger-blame-release-report.txt
1<?xml version="1.0" encoding="utf-8"?>
2<manifest xmlns:android="http://schemas.android.com/apk/res/android"
3    package="sfa.mobilefast.letti"
4    android:versionCode="7"
5    android:versionName="1.0" >
6
7    <uses-sdk
8        android:minSdkVersion="17"
8-->src/main/AndroidManifest.xml
9        android:targetSdkVersion="29" />
9-->src/main/AndroidManifest.xml
10
11    <supports-screens
11-->src/main/AndroidManifest.xml:6:5-10:40
12        android:largeScreens="true"
12-->src/main/AndroidManifest.xml:7:9-36
13        android:normalScreens="true"
13-->src/main/AndroidManifest.xml:8:9-37
14        android:smallScreens="true"
14-->src/main/AndroidManifest.xml:9:9-36
15        android:xlargeScreens="true" />
15-->src/main/AndroidManifest.xml:10:9-37
16
17    <uses-permission android:name="android.permission.ACCESS_NETWORK_STATE" />
17-->src/main/AndroidManifest.xml:12:5-79
17-->src/main/AndroidManifest.xml:12:22-76
18    <uses-permission android:name="android.permission.INTERNET" />
18-->src/main/AndroidManifest.xml:13:5-83
18-->src/main/AndroidManifest.xml:13:22-64
19    <uses-permission android:name="android.permission.READ_PHONE_STATE" />
19-->src/main/AndroidManifest.xml:14:5-74
19-->src/main/AndroidManifest.xml:14:22-72
20    <uses-permission android:name="android.permission.WRITE_EXTERNAL_STORAGE" />
20-->src/main/AndroidManifest.xml:15:5-97
20-->src/main/AndroidManifest.xml:15:22-78
21    <uses-permission android:name="android.permission.ACCESS_FINE_LOCATION" />
21-->src/main/AndroidManifest.xml:16:5-95
21-->src/main/AndroidManifest.xml:16:22-76
22    <uses-permission android:name="android.permission.ACCESS_COARSE_LOCATION" />
22-->src/main/AndroidManifest.xml:17:5-97
22-->src/main/AndroidManifest.xml:17:22-78
23    <uses-permission android:name="android.permission.ACCESS_WIFI_STATE" />
23-->src/main/AndroidManifest.xml:18:5-92
23-->src/main/AndroidManifest.xml:18:22-73
24    <uses-permission android:name="android.permission.VIBRATE" />
24-->src/main/AndroidManifest.xml:19:5-66
24-->src/main/AndroidManifest.xml:19:22-63
25    <uses-permission android:name="android.permission.WAKE_LOCK" />
25-->src/main/AndroidManifest.xml:20:5-68
25-->src/main/AndroidManifest.xml:20:22-65
26
27    <uses-feature
27-->src/main/AndroidManifest.xml:23:5-25:35
28        android:name="android.hardware.camera"
28-->src/main/AndroidManifest.xml:24:9-47
29        android:required="true" />
29-->src/main/AndroidManifest.xml:25:9-32
30
31    <application
31-->src/main/AndroidManifest.xml:27:5-82:19
32        android:name="android.support.multidex.MultiDexApplication"
33        android:allowBackup="false"
33-->src/main/AndroidManifest.xml:28:9-36
34        android:appComponentFactory="androidx.core.app.CoreComponentFactory"
34-->[androidx.core:core:1.0.0] AndroidManifest.xml:22:18-86
35        android:icon="@drawable/agrindus"
35-->src/main/AndroidManifest.xml:29:9-42
36        android:label="@string/app_name"
36-->src/main/AndroidManifest.xml:30:9-41
37        android:largeHeap="true"
37-->src/main/AndroidManifest.xml:31:9-33
38        android:supportsRtl="true"
38-->src/main/AndroidManifest.xml:33:9-35
39        android:theme="@style/AppThemeNoTitleBar" >
39-->src/main/AndroidManifest.xml:32:9-50
40        <activity
40-->src/main/AndroidManifest.xml:34:9-42:20
41            android:name="com.mobilefast.sfandroid.gui.GUILogin"
41-->src/main/AndroidManifest.xml:35:13-65
42            android:windowSoftInputMode="stateAlwaysHidden" >
42-->src/main/AndroidManifest.xml:36:13-60
43            <intent-filter>
43-->src/main/AndroidManifest.xml:37:13-41:29
44                <action android:name="android.intent.action.MAIN" />
44-->src/main/AndroidManifest.xml:38:17-69
44-->src/main/AndroidManifest.xml:38:25-66
45
46                <category android:name="android.intent.category.LAUNCHER" />
46-->src/main/AndroidManifest.xml:40:17-77
46-->src/main/AndroidManifest.xml:40:27-74
47            </intent-filter>
48        </activity>
49        <activity android:name="com.mobilefast.sfandroid.gui.GUIPrincipal" />
49-->src/main/AndroidManifest.xml:43:9-87
49-->src/main/AndroidManifest.xml:43:19-75
50        <activity
50-->src/main/AndroidManifest.xml:44:9-46:72
51            android:name="com.mobilefast.sfandroid.gui.GUITabCliente"
51-->src/main/AndroidManifest.xml:45:13-70
52            android:windowSoftInputMode="stateAlwaysHidden" />
52-->src/main/AndroidManifest.xml:46:13-60
53        <activity
53-->src/main/AndroidManifest.xml:47:9-49:72
54            android:name="com.mobilefast.sfandroid.gui.GUIListaCliente"
54-->src/main/AndroidManifest.xml:48:13-72
55            android:windowSoftInputMode="stateAlwaysHidden" />
55-->src/main/AndroidManifest.xml:49:13-60
56        <activity android:name="com.mobilefast.sfandroid.gui.GUICadastroCliente" />
56-->src/main/AndroidManifest.xml:50:9-93
56-->src/main/AndroidManifest.xml:50:19-81
57        <activity
57-->src/main/AndroidManifest.xml:51:9-53:72
58            android:name="com.mobilefast.sfandroid.gui.GUITabInfoCliente"
58-->src/main/AndroidManifest.xml:52:13-74
59            android:windowSoftInputMode="stateAlwaysHidden" />
59-->src/main/AndroidManifest.xml:53:13-60
60        <activity android:name="com.mobilefast.sfandroid.gui.GUIDetalheCliente" />
60-->src/main/AndroidManifest.xml:54:9-92
60-->src/main/AndroidManifest.xml:54:19-80
61        <activity android:name="com.mobilefast.sfandroid.gui.GUIListaPedido" />
61-->src/main/AndroidManifest.xml:55:9-89
61-->src/main/AndroidManifest.xml:55:19-77
62        <activity android:name="com.mobilefast.sfandroid.gui.GUIConsumoCliente" />
62-->src/main/AndroidManifest.xml:56:9-92
62-->src/main/AndroidManifest.xml:56:19-80
63        <activity android:name="com.mobilefast.sfandroid.gui.GUIOcorrenciaCliente" />
63-->src/main/AndroidManifest.xml:57:9-95
63-->src/main/AndroidManifest.xml:57:19-83
64        <activity
64-->src/main/AndroidManifest.xml:58:9-60:72
65            android:name="com.mobilefast.sfandroid.gui.GUITabPedido"
65-->src/main/AndroidManifest.xml:59:13-69
66            android:windowSoftInputMode="stateAlwaysHidden" />
66-->src/main/AndroidManifest.xml:60:13-60
67        <activity android:name="com.mobilefast.sfandroid.gui.GUIMovimentoPedido" />
67-->src/main/AndroidManifest.xml:61:9-93
67-->src/main/AndroidManifest.xml:61:19-81
68        <activity
68-->src/main/AndroidManifest.xml:62:9-64:72
69            android:name="com.mobilefast.sfandroid.gui.GUIProdutosPedido"
69-->src/main/AndroidManifest.xml:63:13-74
70            android:windowSoftInputMode="stateAlwaysHidden" />
70-->src/main/AndroidManifest.xml:64:13-60
71        <activity android:name="com.mobilefast.sfandroid.gui.GUIGrupoProdutos" />
71-->src/main/AndroidManifest.xml:65:9-91
71-->src/main/AndroidManifest.xml:65:19-79
72        <activity android:name="com.mobilefast.sfandroid.gui.GUIListaRoteiro" />
72-->src/main/AndroidManifest.xml:66:9-90
72-->src/main/AndroidManifest.xml:66:19-78
73        <activity android:name="com.mobilefast.sfandroid.gui.GUIRotasCliente" />
73-->src/main/AndroidManifest.xml:67:9-90
73-->src/main/AndroidManifest.xml:67:19-78
74        <activity android:name="com.mobilefast.sfandroid.gui.GUIFastSync" />
74-->src/main/AndroidManifest.xml:68:9-86
74-->src/main/AndroidManifest.xml:68:19-74
75        <activity android:name="com.mobilefast.sfandroid.gui.GUIPrincipalFastSync" />
75-->src/main/AndroidManifest.xml:69:9-95
75-->src/main/AndroidManifest.xml:69:19-83
76        <activity android:name="com.mobilefast.sfandroid.gui.GUIListaStatusPedido" />
76-->src/main/AndroidManifest.xml:70:9-95
76-->src/main/AndroidManifest.xml:70:19-83
77        <activity android:name="com.mobilefast.sfandroid.gui.GUIMsgLog" />
77-->src/main/AndroidManifest.xml:71:9-84
77-->src/main/AndroidManifest.xml:71:19-72
78        <activity android:name="com.mobilefast.sfandroid.gui.GUIGrupoProdutoPrincipal" />
78-->src/main/AndroidManifest.xml:72:9-99
78-->src/main/AndroidManifest.xml:72:19-87
79        <activity android:name="com.mobilefast.sfandroid.gui.GUIListaProdutoPrincipal" />
79-->src/main/AndroidManifest.xml:73:9-99
79-->src/main/AndroidManifest.xml:73:19-87
80        <activity android:name="com.mobilefast.assinatura.GUIAssinatura" />
80-->src/main/AndroidManifest.xml:74:9-85
80-->src/main/AndroidManifest.xml:74:19-73
81        <activity android:name="com.mobilefast.midia.FotoCamera" />
81-->src/main/AndroidManifest.xml:75:9-77
81-->src/main/AndroidManifest.xml:75:19-65
82        <activity android:name="com.mobilefast.midia.GaleriaImagem" />
82-->src/main/AndroidManifest.xml:76:9-80
82-->src/main/AndroidManifest.xml:76:19-68
83        <activity android:name="com.mobilefast.midia.GridImagens" />
83-->src/main/AndroidManifest.xml:77:9-78
83-->src/main/AndroidManifest.xml:77:19-66
84        <activity android:name="com.mobilefast.midia.FullImageActivity" />
84-->src/main/AndroidManifest.xml:78:9-84
84-->src/main/AndroidManifest.xml:78:19-72
85        <activity android:name="com.mobilefast.midia.TouchImagem" />
85-->src/main/AndroidManifest.xml:79:9-78
85-->src/main/AndroidManifest.xml:79:19-66
86        <activity android:name="com.mobilefast.sfandroid.gui.GUIPedidoCarrinho" />
86-->src/main/AndroidManifest.xml:80:9-92
86-->src/main/AndroidManifest.xml:80:19-80
87        <activity android:name="com.mobilefast.sfandroid.gui.GUIListaClienteCadastrado" />
87-->src/main/AndroidManifest.xml:81:9-100
87-->src/main/AndroidManifest.xml:81:19-88
88    </application>
89
90</manifest>